2025-01-29 18:24:26,239 -  - INFO [net.shibboleth.shared.service.AbstractReloadableService:198] - Service 'shibboleth.LoggingService': Reload interval set to: PT5M, starting refresh thread
2025-01-29 18:24:26,351 -  - INFO [net.shibboleth.shared.xml.impl.BasicParserPool:648] - XMLSecurityManager of type 'com.sun.org.apache.xerces.internal.utils.XMLSecurityManager' is installed
2025-01-29 18:24:26,360 -  - INFO [org.opensaml.core.config.InitializationService:47] - Initializing OpenSAML using the Java Services API
2025-01-29 18:24:29,474 -  - INFO [org.opensaml.xmlsec.algorithm.AlgorithmRegistry:273] - Algorithm failed runtime support check, will not be usable: http://www.w3.org/2001/04/xmlenc#ripemd160
2025-01-29 18:24:29,495 -  - INFO [org.opensaml.xmlsec.algorithm.AlgorithmRegistry:273] - Algorithm failed runtime support check, will not be usable: http://www.w3.org/2001/04/xmldsig-more#hmac-ripemd160
2025-01-29 18:24:29,543 -  - INFO [org.opensaml.xmlsec.algorithm.AlgorithmRegistry:273] - Algorithm failed runtime support check, will not be usable: http://www.w3.org/2001/04/xmldsig-more#rsa-ripemd160
2025-01-29 18:24:30,431 -  - INFO [net.shibboleth.shared.security.impl.BasicKeystoreKeyStrategy:379] - Loading initial default key: secret1
2025-01-29 18:24:30,505 -  - INFO [net.shibboleth.shared.security.impl.BasicKeystoreKeyStrategy:391] - Default key updated to secret1
2025-01-29 18:24:30,753 -  - INFO [net.shibboleth.shared.service.AbstractReloadableService:170] - Service 'shibboleth.AttributeRegistryService': Performing initial load
2025-01-29 18:24:30,753 -  - INFO [net.shibboleth.shared.service.AbstractReloadableService:258] - Service 'shibboleth.AttributeRegistryService': Reloading service configuration
2025-01-29 18:24:31,156 -  - INFO [net.shibboleth.shared.spring.service.ReloadableSpringService:419] - Service 'shibboleth.AttributeRegistryService': Completed reload and swapped in latest configuration for service 'shibboleth.AttributeRegistryService'
2025-01-29 18:24:31,157 -  - INFO [net.shibboleth.shared.spring.service.ReloadableSpringService:426] - Service 'shibboleth.AttributeRegistryService': Reload complete
2025-01-29 18:24:31,157 -  - INFO [net.shibboleth.shared.service.AbstractReloadableService:198] - Service 'shibboleth.AttributeRegistryService': Reload interval set to: PT15M, starting refresh thread
2025-01-29 18:24:31,166 -  - INFO [net.shibboleth.shared.service.AbstractReloadableService:170] - Service 'shibboleth.MetadataResolverService': Performing initial load
2025-01-29 18:24:31,167 -  - INFO [net.shibboleth.shared.service.AbstractReloadableService:258] - Service 'shibboleth.MetadataResolverService': Reloading service configuration
2025-01-29 18:24:31,297 -  - WARN [org.springframework.context.support.PostProcessorRegistrationDelegate$BeanPostProcessorChecker:437] - Bean 'org.opensaml.saml.metadata.resolver.filter.impl.EntitiesDescriptorNameProcessor#0' of type [org.opensaml.saml.metadata.resolver.filter.impl.EntitiesDescriptorNameProcessor] is not eligible for getting processed by all BeanPostProcessors (for example: not eligible for auto-proxying). Is this bean getting eagerly injected into a currently created BeanPostProcessor [net.shibboleth.spring.metadata.NodeProcessingAttachingBeanPostProcessor#0]? Check the corresponding BeanPostProcessor declaration and its dependencies.
2025-01-29 18:24:31,298 -  - WARN [org.springframework.context.support.PostProcessorRegistrationDelegate$BeanPostProcessorChecker:437] - Bean 'net.shibboleth.idp.saml.security.impl.KeyAuthorityNodeProcessor#0' of type [net.shibboleth.idp.saml.security.impl.KeyAuthorityNodeProcessor] is not eligible for getting processed by all BeanPostProcessors (for example: not eligible for auto-proxying). Is this bean getting eagerly injected into a currently created BeanPostProcessor [net.shibboleth.spring.metadata.NodeProcessingAttachingBeanPostProcessor#0]? Check the corresponding BeanPostProcessor declaration and its dependencies.
2025-01-29 18:24:31,299 -  - WARN [org.springframework.context.support.PostProcessorRegistrationDelegate$BeanPostProcessorChecker:437] - Bean 'net.shibboleth.idp.saml.metadata.impl.ScopesNodeProcessor#0' of type [net.shibboleth.idp.saml.metadata.impl.ScopesNodeProcessor] is not eligible for getting processed by all BeanPostProcessors (for example: not eligible for auto-proxying). Is this bean getting eagerly injected into a currently created BeanPostProcessor [net.shibboleth.spring.metadata.NodeProcessingAttachingBeanPostProcessor#0]? Check the corresponding BeanPostProcessor declaration and its dependencies.
2025-01-29 18:24:31,300 -  - WARN [org.springframework.context.support.PostProcessorRegistrationDelegate$BeanPostProcessorChecker:437] - Bean 'net.shibboleth.idp.saml.metadata.impl.UIInfoNodeProcessor#0' of type [net.shibboleth.idp.saml.metadata.impl.UIInfoNodeProcessor] is not eligible for getting processed by all BeanPostProcessors (for example: not eligible for auto-proxying). Is this bean getting eagerly injected into a currently created BeanPostProcessor [net.shibboleth.spring.metadata.NodeProcessingAttachingBeanPostProcessor#0]? Check the corresponding BeanPostProcessor declaration and its dependencies.
2025-01-29 18:24:31,302 -  - WARN [org.springframework.context.support.PostProcessorRegistrationDelegate$BeanPostProcessorChecker:437] - Bean 'net.shibboleth.idp.saml.attribute.impl.AttributeMappingNodeProcessor#0' of type [net.shibboleth.idp.saml.attribute.impl.AttributeMappingNodeProcessor] is not eligible for getting processed by all BeanPostProcessors (for example: not eligible for auto-proxying). Is this bean getting eagerly injected into a currently created BeanPostProcessor [net.shibboleth.spring.metadata.NodeProcessingAttachingBeanPostProcessor#0]? Check the corresponding BeanPostProcessor declaration and its dependencies.
2025-01-29 18:24:31,325 -  - INFO [net.shibboleth.shared.spring.service.ReloadableSpringService:419] - Service 'shibboleth.MetadataResolverService': Completed reload and swapped in latest configuration for service 'shibboleth.MetadataResolverService'
2025-01-29 18:24:31,325 -  - INFO [net.shibboleth.shared.spring.service.ReloadableSpringService:426] - Service 'shibboleth.MetadataResolverService': Reload complete
2025-01-29 18:24:31,575 -  - INFO [net.shibboleth.shared.service.AbstractReloadableService:170] - Service 'shibboleth.AttributeFilterService': Performing initial load
2025-01-29 18:24:31,575 -  - INFO [net.shibboleth.shared.service.AbstractReloadableService:258] - Service 'shibboleth.AttributeFilterService': Reloading service configuration
2025-01-29 18:24:31,791 -  - INFO [net.shibboleth.shared.spring.service.ReloadableSpringService:419] - Service 'shibboleth.AttributeFilterService': Completed reload and swapped in latest configuration for service 'shibboleth.AttributeFilterService'
2025-01-29 18:24:31,792 -  - INFO [net.shibboleth.shared.spring.service.ReloadableSpringService:426] - Service 'shibboleth.AttributeFilterService': Reload complete
2025-01-29 18:24:31,792 -  - INFO [net.shibboleth.shared.service.AbstractReloadableService:198] - Service 'shibboleth.AttributeFilterService': Reload interval set to: PT15M, starting refresh thread
2025-01-29 18:24:31,800 -  - INFO [net.shibboleth.shared.service.AbstractReloadableService:170] - Service 'shibboleth.AttributeResolverService': Performing initial load
2025-01-29 18:24:31,801 -  - INFO [net.shibboleth.shared.service.AbstractReloadableService:258] - Service 'shibboleth.AttributeResolverService': Reloading service configuration
2025-01-29 18:24:31,863 -  - INFO [net.shibboleth.shared.spring.service.ReloadableSpringService:419] - Service 'shibboleth.AttributeResolverService': Completed reload and swapped in latest configuration for service 'shibboleth.AttributeResolverService'
2025-01-29 18:24:31,864 -  - INFO [net.shibboleth.shared.spring.service.ReloadableSpringService:426] - Service 'shibboleth.AttributeResolverService': Reload complete
2025-01-29 18:24:31,864 -  - INFO [net.shibboleth.shared.service.AbstractReloadableService:198] - Service 'shibboleth.AttributeResolverService': Reload interval set to: PT15M, starting refresh thread
2025-01-29 18:24:31,872 -  - INFO [net.shibboleth.shared.service.AbstractReloadableService:170] - Service 'shibboleth.NameIdentifierGenerationService': Performing initial load
2025-01-29 18:24:31,872 -  - INFO [net.shibboleth.shared.service.AbstractReloadableService:258] - Service 'shibboleth.NameIdentifierGenerationService': Reloading service configuration
2025-01-29 18:24:31,936 -  - INFO [net.shibboleth.shared.spring.service.ReloadableSpringService:419] - Service 'shibboleth.NameIdentifierGenerationService': Completed reload and swapped in latest configuration for service 'shibboleth.NameIdentifierGenerationService'
2025-01-29 18:24:31,937 -  - INFO [net.shibboleth.shared.spring.service.ReloadableSpringService:426] - Service 'shibboleth.NameIdentifierGenerationService': Reload complete
2025-01-29 18:24:31,944 -  - INFO [net.shibboleth.shared.service.AbstractReloadableService:198] - Service 'shibboleth.NameIdentifierGenerationService': Reload interval set to: PT15M, starting refresh thread
2025-01-29 18:24:31,953 -  - INFO [net.shibboleth.shared.service.AbstractReloadableService:170] - Service 'shibboleth.RelyingPartyResolverService': Performing initial load
2025-01-29 18:24:31,954 -  - INFO [net.shibboleth.shared.service.AbstractReloadableService:258] - Service 'shibboleth.RelyingPartyResolverService': Reloading service configuration
2025-01-29 18:24:32,592 -  - INFO [net.shibboleth.shared.spring.service.ReloadableSpringService:419] - Service 'shibboleth.RelyingPartyResolverService': Completed reload and swapped in latest configuration for service 'shibboleth.RelyingPartyResolverService'
2025-01-29 18:24:32,592 -  - INFO [net.shibboleth.shared.spring.service.ReloadableSpringService:426] - Service 'shibboleth.RelyingPartyResolverService': Reload complete
2025-01-29 18:24:32,593 -  - INFO [net.shibboleth.shared.service.AbstractReloadableService:198] - Service 'shibboleth.RelyingPartyResolverService': Reload interval set to: PT15M, starting refresh thread
2025-01-29 18:24:32,596 -  - INFO [net.shibboleth.shared.service.AbstractReloadableService:170] - Service 'shibboleth.ReloadableAccessControlService': Performing initial load
2025-01-29 18:24:32,597 -  - INFO [net.shibboleth.shared.service.AbstractReloadableService:258] - Service 'shibboleth.ReloadableAccessControlService': Reloading service configuration
2025-01-29 18:24:32,614 -  - INFO [net.shibboleth.shared.spring.service.ReloadableSpringService:419] - Service 'shibboleth.ReloadableAccessControlService': Completed reload and swapped in latest configuration for service 'shibboleth.ReloadableAccessControlService'
2025-01-29 18:24:32,614 -  - INFO [net.shibboleth.shared.spring.service.ReloadableSpringService:426] - Service 'shibboleth.ReloadableAccessControlService': Reload complete
2025-01-29 18:24:32,615 -  - INFO [net.shibboleth.shared.service.AbstractReloadableService:198] - Service 'shibboleth.ReloadableAccessControlService': Reload interval set to: PT5M, starting refresh thread
2025-01-29 18:24:32,619 -  - INFO [net.shibboleth.shared.service.AbstractReloadableService:170] - Service 'shibboleth.ReloadableCASServiceRegistry': Performing initial load
2025-01-29 18:24:32,619 -  - INFO [net.shibboleth.shared.service.AbstractReloadableService:258] - Service 'shibboleth.ReloadableCASServiceRegistry': Reloading service configuration
2025-01-29 18:24:32,628 -  - INFO [net.shibboleth.shared.spring.service.ReloadableSpringService:419] - Service 'shibboleth.ReloadableCASServiceRegistry': Completed reload and swapped in latest configuration for service 'shibboleth.ReloadableCASServiceRegistry'
2025-01-29 18:24:32,629 -  - INFO [net.shibboleth.shared.spring.service.ReloadableSpringService:426] - Service 'shibboleth.ReloadableCASServiceRegistry': Reload complete
2025-01-29 18:24:32,629 -  - INFO [net.shibboleth.shared.service.AbstractReloadableService:198] - Service 'shibboleth.ReloadableCASServiceRegistry': Reload interval set to: PT15M, starting refresh thread
2025-01-29 18:24:32,637 -  - INFO [net.shibboleth.shared.service.AbstractReloadableService:170] - Service 'shibboleth.ManagedBeanService': Performing initial load
2025-01-29 18:24:32,637 -  - INFO [net.shibboleth.shared.service.AbstractReloadableService:258] - Service 'shibboleth.ManagedBeanService': Reloading service configuration
2025-01-29 18:24:32,638 -  - INFO [net.shibboleth.shared.spring.util.ApplicationContextBuilder:473] - Skipping non-existent resource: ServletContext resource [/opt/shibboleth-idp/conf/managed-beans.xml]
2025-01-29 18:24:32,638 -  - INFO [net.shibboleth.shared.spring.service.ReloadableSpringService:419] - Service 'shibboleth.ManagedBeanService': Completed reload and swapped in latest configuration for service 'shibboleth.ManagedBeanService'
2025-01-29 18:24:32,639 -  - INFO [net.shibboleth.shared.spring.service.ReloadableSpringService:426] - Service 'shibboleth.ManagedBeanService': Reload complete
2025-01-29 18:24:32,639 -  - INFO [net.shibboleth.shared.service.AbstractReloadableService:198] - Service 'shibboleth.ManagedBeanService': Reload interval set to: PT15M, starting refresh thread
2025-01-29 18:24:33,434 -  - INFO [net.shibboleth.idp.admin.impl.LogImplementationDetails:57] - Shibboleth IdP Version 5.1.3
2025-01-29 18:24:33,436 -  - INFO [net.shibboleth.idp.admin.impl.LogImplementationDetails:58] - Java version='17.0.13' vendor='Eclipse Adoptium'
2025-01-29 18:24:33,437 -  - INFO [net.shibboleth.idp.admin.impl.LogImplementationDetails:71] - No Plugins Loaded
2025-01-29 18:24:33,442 -  - INFO [net.shibboleth.idp.admin.impl.LogImplementationDetails:93] - Enabled Modules:
2025-01-29 18:24:33,443 -  - INFO [net.shibboleth.idp.admin.impl.LogImplementationDetails:95] - 		Core IdP Functions (Required)
2025-01-29 18:24:33,443 -  - INFO [net.shibboleth.idp.admin.impl.LogImplementationDetails:95] - 		Command Line Scripts
2025-01-29 18:24:33,444 -  - INFO [net.shibboleth.idp.admin.impl.LogImplementationDetails:95] - 		Overlay Tree for WAR Build
2025-01-29 18:24:33,444 -  - INFO [net.shibboleth.idp.admin.impl.LogImplementationDetails:95] - 		Password Authentication
2025-01-29 18:24:33,444 -  - INFO [net.shibboleth.idp.admin.impl.LogImplementationDetails:95] - 		Hello World
2025-01-29 18:24:33,445 -  - WARN [net.shibboleth.idp.admin.impl.LogImplementationDetails:105] - Duplicate properties were detected: idp.authn.LDAP.bindDNCredential,
2025-01-29 18:24:34,158 -  - INFO [net.shibboleth.idp.admin.impl.ReportUpdateStatus:136] - No upgrade available from 5.1.3
2025-01-29 18:24:34,161 -  - INFO [net.shibboleth.idp.admin.impl.ReportUpdateStatus:147] - Version 5.1.3 is current
2025-01-29 18:24:48,498 -  - INFO [net.shibboleth.shared.service.AbstractReloadableService:198] - Service 'shibboleth.LoggingService': Reload interval set to: PT5M, starting refresh thread
2025-01-29 18:24:48,612 -  - INFO [net.shibboleth.shared.xml.impl.BasicParserPool:648] - XMLSecurityManager of type 'com.sun.org.apache.xerces.internal.utils.XMLSecurityManager' is installed
2025-01-29 18:24:48,621 -  - INFO [org.opensaml.core.config.InitializationService:47] - Initializing OpenSAML using the Java Services API
2025-01-29 18:24:51,763 -  - INFO [org.opensaml.xmlsec.algorithm.AlgorithmRegistry:273] - Algorithm failed runtime support check, will not be usable: http://www.w3.org/2001/04/xmlenc#ripemd160
2025-01-29 18:24:51,785 -  - INFO [org.opensaml.xmlsec.algorithm.AlgorithmRegistry:273] - Algorithm failed runtime support check, will not be usable: http://www.w3.org/2001/04/xmldsig-more#hmac-ripemd160
2025-01-29 18:24:51,834 -  - INFO [org.opensaml.xmlsec.algorithm.AlgorithmRegistry:273] - Algorithm failed runtime support check, will not be usable: http://www.w3.org/2001/04/xmldsig-more#rsa-ripemd160
2025-01-29 18:24:52,685 -  - INFO [net.shibboleth.shared.security.impl.BasicKeystoreKeyStrategy:379] - Loading initial default key: secret1
2025-01-29 18:24:52,752 -  - INFO [net.shibboleth.shared.security.impl.BasicKeystoreKeyStrategy:391] - Default key updated to secret1
2025-01-29 18:24:52,996 -  - INFO [net.shibboleth.shared.service.AbstractReloadableService:170] - Service 'shibboleth.AttributeRegistryService': Performing initial load
2025-01-29 18:24:52,996 -  - INFO [net.shibboleth.shared.service.AbstractReloadableService:258] - Service 'shibboleth.AttributeRegistryService': Reloading service configuration
2025-01-29 18:24:53,424 -  - INFO [net.shibboleth.shared.spring.service.ReloadableSpringService:419] - Service 'shibboleth.AttributeRegistryService': Completed reload and swapped in latest configuration for service 'shibboleth.AttributeRegistryService'
2025-01-29 18:24:53,425 -  - INFO [net.shibboleth.shared.spring.service.ReloadableSpringService:426] - Service 'shibboleth.AttributeRegistryService': Reload complete
2025-01-29 18:24:53,426 -  - INFO [net.shibboleth.shared.service.AbstractReloadableService:198] - Service 'shibboleth.AttributeRegistryService': Reload interval set to: PT15M, starting refresh thread
2025-01-29 18:24:53,437 -  - INFO [net.shibboleth.shared.service.AbstractReloadableService:170] - Service 'shibboleth.MetadataResolverService': Performing initial load
2025-01-29 18:24:53,437 -  - INFO [net.shibboleth.shared.service.AbstractReloadableService:258] - Service 'shibboleth.MetadataResolverService': Reloading service configuration
2025-01-29 18:24:53,564 -  - WARN [org.springframework.context.support.PostProcessorRegistrationDelegate$BeanPostProcessorChecker:437] - Bean 'org.opensaml.saml.metadata.resolver.filter.impl.EntitiesDescriptorNameProcessor#0' of type [org.opensaml.saml.metadata.resolver.filter.impl.EntitiesDescriptorNameProcessor] is not eligible for getting processed by all BeanPostProcessors (for example: not eligible for auto-proxying). Is this bean getting eagerly injected into a currently created BeanPostProcessor [net.shibboleth.spring.metadata.NodeProcessingAttachingBeanPostProcessor#0]? Check the corresponding BeanPostProcessor declaration and its dependencies.
2025-01-29 18:24:53,565 -  - WARN [org.springframework.context.support.PostProcessorRegistrationDelegate$BeanPostProcessorChecker:437] - Bean 'net.shibboleth.idp.saml.security.impl.KeyAuthorityNodeProcessor#0' of type [net.shibboleth.idp.saml.security.impl.KeyAuthorityNodeProcessor] is not eligible for getting processed by all BeanPostProcessors (for example: not eligible for auto-proxying). Is this bean getting eagerly injected into a currently created BeanPostProcessor [net.shibboleth.spring.metadata.NodeProcessingAttachingBeanPostProcessor#0]? Check the corresponding BeanPostProcessor declaration and its dependencies.
2025-01-29 18:24:53,566 -  - WARN [org.springframework.context.support.PostProcessorRegistrationDelegate$BeanPostProcessorChecker:437] - Bean 'net.shibboleth.idp.saml.metadata.impl.ScopesNodeProcessor#0' of type [net.shibboleth.idp.saml.metadata.impl.ScopesNodeProcessor] is not eligible for getting processed by all BeanPostProcessors (for example: not eligible for auto-proxying). Is this bean getting eagerly injected into a currently created BeanPostProcessor [net.shibboleth.spring.metadata.NodeProcessingAttachingBeanPostProcessor#0]? Check the corresponding BeanPostProcessor declaration and its dependencies.
2025-01-29 18:24:53,567 -  - WARN [org.springframework.context.support.PostProcessorRegistrationDelegate$BeanPostProcessorChecker:437] - Bean 'net.shibboleth.idp.saml.metadata.impl.UIInfoNodeProcessor#0' of type [net.shibboleth.idp.saml.metadata.impl.UIInfoNodeProcessor] is not eligible for getting processed by all BeanPostProcessors (for example: not eligible for auto-proxying). Is this bean getting eagerly injected into a currently created BeanPostProcessor [net.shibboleth.spring.metadata.NodeProcessingAttachingBeanPostProcessor#0]? Check the corresponding BeanPostProcessor declaration and its dependencies.
2025-01-29 18:24:53,569 -  - WARN [org.springframework.context.support.PostProcessorRegistrationDelegate$BeanPostProcessorChecker:437] - Bean 'net.shibboleth.idp.saml.attribute.impl.AttributeMappingNodeProcessor#0' of type [net.shibboleth.idp.saml.attribute.impl.AttributeMappingNodeProcessor] is not eligible for getting processed by all BeanPostProcessors (for example: not eligible for auto-proxying). Is this bean getting eagerly injected into a currently created BeanPostProcessor [net.shibboleth.spring.metadata.NodeProcessingAttachingBeanPostProcessor#0]? Check the corresponding BeanPostProcessor declaration and its dependencies.
2025-01-29 18:24:53,588 -  - INFO [net.shibboleth.shared.spring.service.ReloadableSpringService:419] - Service 'shibboleth.MetadataResolverService': Completed reload and swapped in latest configuration for service 'shibboleth.MetadataResolverService'
2025-01-29 18:24:53,588 -  - INFO [net.shibboleth.shared.spring.service.ReloadableSpringService:426] - Service 'shibboleth.MetadataResolverService': Reload complete
2025-01-29 18:24:53,815 -  - INFO [net.shibboleth.shared.service.AbstractReloadableService:170] - Service 'shibboleth.AttributeFilterService': Performing initial load
2025-01-29 18:24:53,816 -  - INFO [net.shibboleth.shared.service.AbstractReloadableService:258] - Service 'shibboleth.AttributeFilterService': Reloading service configuration
2025-01-29 18:24:54,035 -  - INFO [net.shibboleth.shared.spring.service.ReloadableSpringService:419] - Service 'shibboleth.AttributeFilterService': Completed reload and swapped in latest configuration for service 'shibboleth.AttributeFilterService'
2025-01-29 18:24:54,035 -  - INFO [net.shibboleth.shared.spring.service.ReloadableSpringService:426] - Service 'shibboleth.AttributeFilterService': Reload complete
2025-01-29 18:24:54,036 -  - INFO [net.shibboleth.shared.service.AbstractReloadableService:198] - Service 'shibboleth.AttributeFilterService': Reload interval set to: PT15M, starting refresh thread
2025-01-29 18:24:54,044 -  - INFO [net.shibboleth.shared.service.AbstractReloadableService:170] - Service 'shibboleth.AttributeResolverService': Performing initial load
2025-01-29 18:24:54,045 -  - INFO [net.shibboleth.shared.service.AbstractReloadableService:258] - Service 'shibboleth.AttributeResolverService': Reloading service configuration
2025-01-29 18:24:54,110 -  - INFO [net.shibboleth.shared.spring.service.ReloadableSpringService:419] - Service 'shibboleth.AttributeResolverService': Completed reload and swapped in latest configuration for service 'shibboleth.AttributeResolverService'
2025-01-29 18:24:54,111 -  - INFO [net.shibboleth.shared.spring.service.ReloadableSpringService:426] - Service 'shibboleth.AttributeResolverService': Reload complete
2025-01-29 18:24:54,111 -  - INFO [net.shibboleth.shared.service.AbstractReloadableService:198] - Service 'shibboleth.AttributeResolverService': Reload interval set to: PT15M, starting refresh thread
2025-01-29 18:24:54,119 -  - INFO [net.shibboleth.shared.service.AbstractReloadableService:170] - Service 'shibboleth.NameIdentifierGenerationService': Performing initial load
2025-01-29 18:24:54,119 -  - INFO [net.shibboleth.shared.service.AbstractReloadableService:258] - Service 'shibboleth.NameIdentifierGenerationService': Reloading service configuration
2025-01-29 18:24:54,179 -  - INFO [net.shibboleth.shared.spring.service.ReloadableSpringService:419] - Service 'shibboleth.NameIdentifierGenerationService': Completed reload and swapped in latest configuration for service 'shibboleth.NameIdentifierGenerationService'
2025-01-29 18:24:54,179 -  - INFO [net.shibboleth.shared.spring.service.ReloadableSpringService:426] - Service 'shibboleth.NameIdentifierGenerationService': Reload complete
2025-01-29 18:24:54,180 -  - INFO [net.shibboleth.shared.service.AbstractReloadableService:198] - Service 'shibboleth.NameIdentifierGenerationService': Reload interval set to: PT15M, starting refresh thread
2025-01-29 18:24:54,187 -  - INFO [net.shibboleth.shared.service.AbstractReloadableService:170] - Service 'shibboleth.RelyingPartyResolverService': Performing initial load
2025-01-29 18:24:54,188 -  - INFO [net.shibboleth.shared.service.AbstractReloadableService:258] - Service 'shibboleth.RelyingPartyResolverService': Reloading service configuration
2025-01-29 18:24:54,840 -  - INFO [net.shibboleth.shared.spring.service.ReloadableSpringService:419] - Service 'shibboleth.RelyingPartyResolverService': Completed reload and swapped in latest configuration for service 'shibboleth.RelyingPartyResolverService'
2025-01-29 18:24:54,841 -  - INFO [net.shibboleth.shared.spring.service.ReloadableSpringService:426] - Service 'shibboleth.RelyingPartyResolverService': Reload complete
2025-01-29 18:24:54,842 -  - INFO [net.shibboleth.shared.service.AbstractReloadableService:198] - Service 'shibboleth.RelyingPartyResolverService': Reload interval set to: PT15M, starting refresh thread
2025-01-29 18:24:54,847 -  - INFO [net.shibboleth.shared.service.AbstractReloadableService:170] - Service 'shibboleth.ReloadableAccessControlService': Performing initial load
2025-01-29 18:24:54,848 -  - INFO [net.shibboleth.shared.service.AbstractReloadableService:258] - Service 'shibboleth.ReloadableAccessControlService': Reloading service configuration
2025-01-29 18:24:54,867 -  - INFO [net.shibboleth.shared.spring.service.ReloadableSpringService:419] - Service 'shibboleth.ReloadableAccessControlService': Completed reload and swapped in latest configuration for service 'shibboleth.ReloadableAccessControlService'
2025-01-29 18:24:54,868 -  - INFO [net.shibboleth.shared.spring.service.ReloadableSpringService:426] - Service 'shibboleth.ReloadableAccessControlService': Reload complete
2025-01-29 18:24:54,872 -  - INFO [net.shibboleth.shared.service.AbstractReloadableService:198] - Service 'shibboleth.ReloadableAccessControlService': Reload interval set to: PT5M, starting refresh thread
2025-01-29 18:24:54,877 -  - INFO [net.shibboleth.shared.service.AbstractReloadableService:170] - Service 'shibboleth.ReloadableCASServiceRegistry': Performing initial load
2025-01-29 18:24:54,877 -  - INFO [net.shibboleth.shared.service.AbstractReloadableService:258] - Service 'shibboleth.ReloadableCASServiceRegistry': Reloading service configuration
2025-01-29 18:24:54,885 -  - INFO [net.shibboleth.shared.spring.service.ReloadableSpringService:419] - Service 'shibboleth.ReloadableCASServiceRegistry': Completed reload and swapped in latest configuration for service 'shibboleth.ReloadableCASServiceRegistry'
2025-01-29 18:24:54,885 -  - INFO [net.shibboleth.shared.spring.service.ReloadableSpringService:426] - Service 'shibboleth.ReloadableCASServiceRegistry': Reload complete
2025-01-29 18:24:54,886 -  - INFO [net.shibboleth.shared.service.AbstractReloadableService:198] - Service 'shibboleth.ReloadableCASServiceRegistry': Reload interval set to: PT15M, starting refresh thread
2025-01-29 18:24:54,893 -  - INFO [net.shibboleth.shared.service.AbstractReloadableService:170] - Service 'shibboleth.ManagedBeanService': Performing initial load
2025-01-29 18:24:54,894 -  - INFO [net.shibboleth.shared.service.AbstractReloadableService:258] - Service 'shibboleth.ManagedBeanService': Reloading service configuration
2025-01-29 18:24:54,894 -  - INFO [net.shibboleth.shared.spring.util.ApplicationContextBuilder:473] - Skipping non-existent resource: ServletContext resource [/opt/shibboleth-idp/conf/managed-beans.xml]
2025-01-29 18:24:54,895 -  - INFO [net.shibboleth.shared.spring.service.ReloadableSpringService:419] - Service 'shibboleth.ManagedBeanService': Completed reload and swapped in latest configuration for service 'shibboleth.ManagedBeanService'
2025-01-29 18:24:54,895 -  - INFO [net.shibboleth.shared.spring.service.ReloadableSpringService:426] - Service 'shibboleth.ManagedBeanService': Reload complete
2025-01-29 18:24:54,896 -  - INFO [net.shibboleth.shared.service.AbstractReloadableService:198] - Service 'shibboleth.ManagedBeanService': Reload interval set to: PT15M, starting refresh thread
2025-01-29 18:24:55,700 -  - INFO [net.shibboleth.idp.admin.impl.LogImplementationDetails:57] - Shibboleth IdP Version 5.1.3
2025-01-29 18:24:55,702 -  - INFO [net.shibboleth.idp.admin.impl.LogImplementationDetails:58] - Java version='17.0.13' vendor='Eclipse Adoptium'
2025-01-29 18:24:55,703 -  - INFO [net.shibboleth.idp.admin.impl.LogImplementationDetails:71] - No Plugins Loaded
2025-01-29 18:24:55,712 -  - INFO [net.shibboleth.idp.admin.impl.LogImplementationDetails:93] - Enabled Modules:
2025-01-29 18:24:55,713 -  - INFO [net.shibboleth.idp.admin.impl.LogImplementationDetails:95] - 		Core IdP Functions (Required)
2025-01-29 18:24:55,714 -  - INFO [net.shibboleth.idp.admin.impl.LogImplementationDetails:95] - 		Command Line Scripts
2025-01-29 18:24:55,714 -  - INFO [net.shibboleth.idp.admin.impl.LogImplementationDetails:95] - 		Overlay Tree for WAR Build
2025-01-29 18:24:55,714 -  - INFO [net.shibboleth.idp.admin.impl.LogImplementationDetails:95] - 		Password Authentication
2025-01-29 18:24:55,714 -  - INFO [net.shibboleth.idp.admin.impl.LogImplementationDetails:95] - 		Hello World
2025-01-29 18:24:55,715 -  - WARN [net.shibboleth.idp.admin.impl.LogImplementationDetails:105] - Duplicate properties were detected: idp.authn.LDAP.bindDNCredential,
2025-01-29 18:24:56,421 -  - INFO [net.shibboleth.idp.admin.impl.ReportUpdateStatus:136] - No upgrade available from 5.1.3
2025-01-29 18:24:56,426 -  - INFO [net.shibboleth.idp.admin.impl.ReportUpdateStatus:147] - Version 5.1.3 is current
2025-01-29 18:56:49,154 -  - INFO [net.shibboleth.shared.service.AbstractReloadableService:198] - Service 'shibboleth.LoggingService': Reload interval set to: PT5M, starting refresh thread
2025-01-29 18:56:49,273 -  - INFO [net.shibboleth.shared.xml.impl.BasicParserPool:648] - XMLSecurityManager of type 'com.sun.org.apache.xerces.internal.utils.XMLSecurityManager' is installed
2025-01-29 18:56:49,283 -  - INFO [org.opensaml.core.config.InitializationService:47] - Initializing OpenSAML using the Java Services API
2025-01-29 18:56:52,512 -  - INFO [org.opensaml.xmlsec.algorithm.AlgorithmRegistry:273] - Algorithm failed runtime support check, will not be usable: http://www.w3.org/2001/04/xmlenc#ripemd160
2025-01-29 18:56:52,535 -  - INFO [org.opensaml.xmlsec.algorithm.AlgorithmRegistry:273] - Algorithm failed runtime support check, will not be usable: http://www.w3.org/2001/04/xmldsig-more#hmac-ripemd160
2025-01-29 18:56:52,577 -  - INFO [org.opensaml.xmlsec.algorithm.AlgorithmRegistry:273] - Algorithm failed runtime support check, will not be usable: http://www.w3.org/2001/04/xmldsig-more#rsa-ripemd160
2025-01-29 18:56:53,454 -  - INFO [net.shibboleth.shared.security.impl.BasicKeystoreKeyStrategy:379] - Loading initial default key: secret1
2025-01-29 18:56:53,565 -  - INFO [net.shibboleth.shared.security.impl.BasicKeystoreKeyStrategy:391] - Default key updated to secret1
2025-01-29 18:56:53,854 -  - INFO [net.shibboleth.shared.service.AbstractReloadableService:170] - Service 'shibboleth.AttributeRegistryService': Performing initial load
2025-01-29 18:56:53,855 -  - INFO [net.shibboleth.shared.service.AbstractReloadableService:258] - Service 'shibboleth.AttributeRegistryService': Reloading service configuration
2025-01-29 18:56:54,277 -  - INFO [net.shibboleth.shared.spring.service.ReloadableSpringService:419] - Service 'shibboleth.AttributeRegistryService': Completed reload and swapped in latest configuration for service 'shibboleth.AttributeRegistryService'
2025-01-29 18:56:54,278 -  - INFO [net.shibboleth.shared.spring.service.ReloadableSpringService:426] - Service 'shibboleth.AttributeRegistryService': Reload complete
2025-01-29 18:56:54,278 -  - INFO [net.shibboleth.shared.service.AbstractReloadableService:198] - Service 'shibboleth.AttributeRegistryService': Reload interval set to: PT15M, starting refresh thread
2025-01-29 18:56:54,288 -  - INFO [net.shibboleth.shared.service.AbstractReloadableService:170] - Service 'shibboleth.MetadataResolverService': Performing initial load
2025-01-29 18:56:54,288 -  - INFO [net.shibboleth.shared.service.AbstractReloadableService:258] - Service 'shibboleth.MetadataResolverService': Reloading service configuration
2025-01-29 18:56:54,418 -  - WARN [org.springframework.context.support.PostProcessorRegistrationDelegate$BeanPostProcessorChecker:437] - Bean 'org.opensaml.saml.metadata.resolver.filter.impl.EntitiesDescriptorNameProcessor#0' of type [org.opensaml.saml.metadata.resolver.filter.impl.EntitiesDescriptorNameProcessor] is not eligible for getting processed by all BeanPostProcessors (for example: not eligible for auto-proxying). Is this bean getting eagerly injected into a currently created BeanPostProcessor [net.shibboleth.spring.metadata.NodeProcessingAttachingBeanPostProcessor#0]? Check the corresponding BeanPostProcessor declaration and its dependencies.
2025-01-29 18:56:54,420 -  - WARN [org.springframework.context.support.PostProcessorRegistrationDelegate$BeanPostProcessorChecker:437] - Bean 'net.shibboleth.idp.saml.security.impl.KeyAuthorityNodeProcessor#0' of type [net.shibboleth.idp.saml.security.impl.KeyAuthorityNodeProcessor] is not eligible for getting processed by all BeanPostProcessors (for example: not eligible for auto-proxying). Is this bean getting eagerly injected into a currently created BeanPostProcessor [net.shibboleth.spring.metadata.NodeProcessingAttachingBeanPostProcessor#0]? Check the corresponding BeanPostProcessor declaration and its dependencies.
2025-01-29 18:56:54,421 -  - WARN [org.springframework.context.support.PostProcessorRegistrationDelegate$BeanPostProcessorChecker:437] - Bean 'net.shibboleth.idp.saml.metadata.impl.ScopesNodeProcessor#0' of type [net.shibboleth.idp.saml.metadata.impl.ScopesNodeProcessor] is not eligible for getting processed by all BeanPostProcessors (for example: not eligible for auto-proxying). Is this bean getting eagerly injected into a currently created BeanPostProcessor [net.shibboleth.spring.metadata.NodeProcessingAttachingBeanPostProcessor#0]? Check the corresponding BeanPostProcessor declaration and its dependencies.
2025-01-29 18:56:54,422 -  - WARN [org.springframework.context.support.PostProcessorRegistrationDelegate$BeanPostProcessorChecker:437] - Bean 'net.shibboleth.idp.saml.metadata.impl.UIInfoNodeProcessor#0' of type [net.shibboleth.idp.saml.metadata.impl.UIInfoNodeProcessor] is not eligible for getting processed by all BeanPostProcessors (for example: not eligible for auto-proxying). Is this bean getting eagerly injected into a currently created BeanPostProcessor [net.shibboleth.spring.metadata.NodeProcessingAttachingBeanPostProcessor#0]? Check the corresponding BeanPostProcessor declaration and its dependencies.
2025-01-29 18:56:54,423 -  - WARN [org.springframework.context.support.PostProcessorRegistrationDelegate$BeanPostProcessorChecker:437] - Bean 'net.shibboleth.idp.saml.attribute.impl.AttributeMappingNodeProcessor#0' of type [net.shibboleth.idp.saml.attribute.impl.AttributeMappingNodeProcessor] is not eligible for getting processed by all BeanPostProcessors (for example: not eligible for auto-proxying). Is this bean getting eagerly injected into a currently created BeanPostProcessor [net.shibboleth.spring.metadata.NodeProcessingAttachingBeanPostProcessor#0]? Check the corresponding BeanPostProcessor declaration and its dependencies.
2025-01-29 18:56:54,442 -  - INFO [net.shibboleth.shared.spring.service.ReloadableSpringService:419] - Service 'shibboleth.MetadataResolverService': Completed reload and swapped in latest configuration for service 'shibboleth.MetadataResolverService'
2025-01-29 18:56:54,443 -  - INFO [net.shibboleth.shared.spring.service.ReloadableSpringService:426] - Service 'shibboleth.MetadataResolverService': Reload complete
2025-01-29 18:56:54,676 -  - INFO [net.shibboleth.shared.service.AbstractReloadableService:170] - Service 'shibboleth.AttributeFilterService': Performing initial load
2025-01-29 18:56:54,676 -  - INFO [net.shibboleth.shared.service.AbstractReloadableService:258] - Service 'shibboleth.AttributeFilterService': Reloading service configuration
2025-01-29 18:56:54,908 -  - INFO [net.shibboleth.shared.spring.service.ReloadableSpringService:419] - Service 'shibboleth.AttributeFilterService': Completed reload and swapped in latest configuration for service 'shibboleth.AttributeFilterService'
2025-01-29 18:56:54,909 -  - INFO [net.shibboleth.shared.spring.service.ReloadableSpringService:426] - Service 'shibboleth.AttributeFilterService': Reload complete
2025-01-29 18:56:54,909 -  - INFO [net.shibboleth.shared.service.AbstractReloadableService:198] - Service 'shibboleth.AttributeFilterService': Reload interval set to: PT15M, starting refresh thread
2025-01-29 18:56:54,917 -  - INFO [net.shibboleth.shared.service.AbstractReloadableService:170] - Service 'shibboleth.AttributeResolverService': Performing initial load
2025-01-29 18:56:54,918 -  - INFO [net.shibboleth.shared.service.AbstractReloadableService:258] - Service 'shibboleth.AttributeResolverService': Reloading service configuration
2025-01-29 18:56:54,980 -  - INFO [net.shibboleth.shared.spring.service.ReloadableSpringService:419] - Service 'shibboleth.AttributeResolverService': Completed reload and swapped in latest configuration for service 'shibboleth.AttributeResolverService'
2025-01-29 18:56:54,980 -  - INFO [net.shibboleth.shared.spring.service.ReloadableSpringService:426] - Service 'shibboleth.AttributeResolverService': Reload complete
2025-01-29 18:56:54,981 -  - INFO [net.shibboleth.shared.service.AbstractReloadableService:198] - Service 'shibboleth.AttributeResolverService': Reload interval set to: PT15M, starting refresh thread
2025-01-29 18:56:54,990 -  - INFO [net.shibboleth.shared.service.AbstractReloadableService:170] - Service 'shibboleth.NameIdentifierGenerationService': Performing initial load
2025-01-29 18:56:54,991 -  - INFO [net.shibboleth.shared.service.AbstractReloadableService:258] - Service 'shibboleth.NameIdentifierGenerationService': Reloading service configuration
2025-01-29 18:56:55,050 -  - INFO [net.shibboleth.shared.spring.service.ReloadableSpringService:419] - Service 'shibboleth.NameIdentifierGenerationService': Completed reload and swapped in latest configuration for service 'shibboleth.NameIdentifierGenerationService'
2025-01-29 18:56:55,050 -  - INFO [net.shibboleth.shared.spring.service.ReloadableSpringService:426] - Service 'shibboleth.NameIdentifierGenerationService': Reload complete
2025-01-29 18:56:55,051 -  - INFO [net.shibboleth.shared.service.AbstractReloadableService:198] - Service 'shibboleth.NameIdentifierGenerationService': Reload interval set to: PT15M, starting refresh thread
2025-01-29 18:56:55,058 -  - INFO [net.shibboleth.shared.service.AbstractReloadableService:170] - Service 'shibboleth.RelyingPartyResolverService': Performing initial load
2025-01-29 18:56:55,058 -  - INFO [net.shibboleth.shared.service.AbstractReloadableService:258] - Service 'shibboleth.RelyingPartyResolverService': Reloading service configuration
2025-01-29 18:56:55,677 -  - INFO [net.shibboleth.shared.spring.service.ReloadableSpringService:419] - Service 'shibboleth.RelyingPartyResolverService': Completed reload and swapped in latest configuration for service 'shibboleth.RelyingPartyResolverService'
2025-01-29 18:56:55,678 -  - INFO [net.shibboleth.shared.spring.service.ReloadableSpringService:426] - Service 'shibboleth.RelyingPartyResolverService': Reload complete
2025-01-29 18:56:55,678 -  - INFO [net.shibboleth.shared.service.AbstractReloadableService:198] - Service 'shibboleth.RelyingPartyResolverService': Reload interval set to: PT15M, starting refresh thread
2025-01-29 18:56:55,682 -  - INFO [net.shibboleth.shared.service.AbstractReloadableService:170] - Service 'shibboleth.ReloadableAccessControlService': Performing initial load
2025-01-29 18:56:55,683 -  - INFO [net.shibboleth.shared.service.AbstractReloadableService:258] - Service 'shibboleth.ReloadableAccessControlService': Reloading service configuration
2025-01-29 18:56:55,702 -  - INFO [net.shibboleth.shared.spring.service.ReloadableSpringService:419] - Service 'shibboleth.ReloadableAccessControlService': Completed reload and swapped in latest configuration for service 'shibboleth.ReloadableAccessControlService'
2025-01-29 18:56:55,703 -  - INFO [net.shibboleth.shared.spring.service.ReloadableSpringService:426] - Service 'shibboleth.ReloadableAccessControlService': Reload complete
2025-01-29 18:56:55,703 -  - INFO [net.shibboleth.shared.service.AbstractReloadableService:198] - Service 'shibboleth.ReloadableAccessControlService': Reload interval set to: PT5M, starting refresh thread
2025-01-29 18:56:55,707 -  - INFO [net.shibboleth.shared.service.AbstractReloadableService:170] - Service 'shibboleth.ReloadableCASServiceRegistry': Performing initial load
2025-01-29 18:56:55,708 -  - INFO [net.shibboleth.shared.service.AbstractReloadableService:258] - Service 'shibboleth.ReloadableCASServiceRegistry': Reloading service configuration
2025-01-29 18:56:55,716 -  - INFO [net.shibboleth.shared.spring.service.ReloadableSpringService:419] - Service 'shibboleth.ReloadableCASServiceRegistry': Completed reload and swapped in latest configuration for service 'shibboleth.ReloadableCASServiceRegistry'
2025-01-29 18:56:55,716 -  - INFO [net.shibboleth.shared.spring.service.ReloadableSpringService:426] - Service 'shibboleth.ReloadableCASServiceRegistry': Reload complete
2025-01-29 18:56:55,717 -  - INFO [net.shibboleth.shared.service.AbstractReloadableService:198] - Service 'shibboleth.ReloadableCASServiceRegistry': Reload interval set to: PT15M, starting refresh thread
2025-01-29 18:56:55,725 -  - INFO [net.shibboleth.shared.service.AbstractReloadableService:170] - Service 'shibboleth.ManagedBeanService': Performing initial load
2025-01-29 18:56:55,726 -  - INFO [net.shibboleth.shared.service.AbstractReloadableService:258] - Service 'shibboleth.ManagedBeanService': Reloading service configuration
2025-01-29 18:56:55,726 -  - INFO [net.shibboleth.shared.spring.util.ApplicationContextBuilder:473] - Skipping non-existent resource: ServletContext resource [/opt/shibboleth-idp/conf/managed-beans.xml]
2025-01-29 18:56:55,727 -  - INFO [net.shibboleth.shared.spring.service.ReloadableSpringService:419] - Service 'shibboleth.ManagedBeanService': Completed reload and swapped in latest configuration for service 'shibboleth.ManagedBeanService'
2025-01-29 18:56:55,728 -  - INFO [net.shibboleth.shared.spring.service.ReloadableSpringService:426] - Service 'shibboleth.ManagedBeanService': Reload complete
2025-01-29 18:56:55,728 -  - INFO [net.shibboleth.shared.service.AbstractReloadableService:198] - Service 'shibboleth.ManagedBeanService': Reload interval set to: PT15M, starting refresh thread
2025-01-29 18:56:56,575 -  - INFO [net.shibboleth.idp.admin.impl.LogImplementationDetails:57] - Shibboleth IdP Version 5.1.3
2025-01-29 18:56:56,577 -  - INFO [net.shibboleth.idp.admin.impl.LogImplementationDetails:58] - Java version='17.0.13' vendor='Eclipse Adoptium'
2025-01-29 18:56:56,578 -  - INFO [net.shibboleth.idp.admin.impl.LogImplementationDetails:71] - No Plugins Loaded
2025-01-29 18:56:56,584 -  - INFO [net.shibboleth.idp.admin.impl.LogImplementationDetails:93] - Enabled Modules:
2025-01-29 18:56:56,587 -  - INFO [net.shibboleth.idp.admin.impl.LogImplementationDetails:95] - 		Core IdP Functions (Required)
2025-01-29 18:56:56,587 -  - INFO [net.shibboleth.idp.admin.impl.LogImplementationDetails:95] - 		Command Line Scripts
2025-01-29 18:56:56,587 -  - INFO [net.shibboleth.idp.admin.impl.LogImplementationDetails:95] - 		Overlay Tree for WAR Build
2025-01-29 18:56:56,588 -  - INFO [net.shibboleth.idp.admin.impl.LogImplementationDetails:95] - 		Password Authentication
2025-01-29 18:56:56,588 -  - INFO [net.shibboleth.idp.admin.impl.LogImplementationDetails:95] - 		Hello World
2025-01-29 18:56:56,589 -  - WARN [net.shibboleth.idp.admin.impl.LogImplementationDetails:105] - Duplicate properties were detected: idp.authn.LDAP.bindDNCredential,
2025-01-29 18:56:57,300 -  - INFO [net.shibboleth.idp.admin.impl.ReportUpdateStatus:136] - No upgrade available from 5.1.3
2025-01-29 18:56:57,303 -  - INFO [net.shibboleth.idp.admin.impl.ReportUpdateStatus:147] - Version 5.1.3 is current
2025-01-29 18:57:17,558 -  - INFO [net.shibboleth.shared.service.AbstractReloadableService:198] - Service 'shibboleth.LoggingService': Reload interval set to: PT5M, starting refresh thread
2025-01-29 18:57:17,673 -  - INFO [net.shibboleth.shared.xml.impl.BasicParserPool:648] - XMLSecurityManager of type 'com.sun.org.apache.xerces.internal.utils.XMLSecurityManager' is installed
2025-01-29 18:57:17,681 -  - INFO [org.opensaml.core.config.InitializationService:47] - Initializing OpenSAML using the Java Services API
2025-01-29 18:57:21,053 -  - INFO [org.opensaml.xmlsec.algorithm.AlgorithmRegistry:273] - Algorithm failed runtime support check, will not be usable: http://www.w3.org/2001/04/xmlenc#ripemd160
2025-01-29 18:57:21,076 -  - INFO [org.opensaml.xmlsec.algorithm.AlgorithmRegistry:273] - Algorithm failed runtime support check, will not be usable: http://www.w3.org/2001/04/xmldsig-more#hmac-ripemd160
2025-01-29 18:57:21,120 -  - INFO [org.opensaml.xmlsec.algorithm.AlgorithmRegistry:273] - Algorithm failed runtime support check, will not be usable: http://www.w3.org/2001/04/xmldsig-more#rsa-ripemd160
2025-01-29 18:57:22,003 -  - INFO [net.shibboleth.shared.security.impl.BasicKeystoreKeyStrategy:379] - Loading initial default key: secret1
2025-01-29 18:57:22,075 -  - INFO [net.shibboleth.shared.security.impl.BasicKeystoreKeyStrategy:391] - Default key updated to secret1
2025-01-29 18:57:22,356 -  - INFO [net.shibboleth.shared.service.AbstractReloadableService:170] - Service 'shibboleth.AttributeRegistryService': Performing initial load
2025-01-29 18:57:22,356 -  - INFO [net.shibboleth.shared.service.AbstractReloadableService:258] - Service 'shibboleth.AttributeRegistryService': Reloading service configuration
2025-01-29 18:57:22,776 -  - INFO [net.shibboleth.shared.spring.service.ReloadableSpringService:419] - Service 'shibboleth.AttributeRegistryService': Completed reload and swapped in latest configuration for service 'shibboleth.AttributeRegistryService'
2025-01-29 18:57:22,777 -  - INFO [net.shibboleth.shared.spring.service.ReloadableSpringService:426] - Service 'shibboleth.AttributeRegistryService': Reload complete
2025-01-29 18:57:22,777 -  - INFO [net.shibboleth.shared.service.AbstractReloadableService:198] - Service 'shibboleth.AttributeRegistryService': Reload interval set to: PT15M, starting refresh thread
2025-01-29 18:57:22,786 -  - INFO [net.shibboleth.shared.service.AbstractReloadableService:170] - Service 'shibboleth.MetadataResolverService': Performing initial load
2025-01-29 18:57:22,786 -  - INFO [net.shibboleth.shared.service.AbstractReloadableService:258] - Service 'shibboleth.MetadataResolverService': Reloading service configuration
2025-01-29 18:57:22,913 -  - WARN [org.springframework.context.support.PostProcessorRegistrationDelegate$BeanPostProcessorChecker:437] - Bean 'org.opensaml.saml.metadata.resolver.filter.impl.EntitiesDescriptorNameProcessor#0' of type [org.opensaml.saml.metadata.resolver.filter.impl.EntitiesDescriptorNameProcessor] is not eligible for getting processed by all BeanPostProcessors (for example: not eligible for auto-proxying). Is this bean getting eagerly injected into a currently created BeanPostProcessor [net.shibboleth.spring.metadata.NodeProcessingAttachingBeanPostProcessor#0]? Check the corresponding BeanPostProcessor declaration and its dependencies.
2025-01-29 18:57:22,914 -  - WARN [org.springframework.context.support.PostProcessorRegistrationDelegate$BeanPostProcessorChecker:437] - Bean 'net.shibboleth.idp.saml.security.impl.KeyAuthorityNodeProcessor#0' of type [net.shibboleth.idp.saml.security.impl.KeyAuthorityNodeProcessor] is not eligible for getting processed by all BeanPostProcessors (for example: not eligible for auto-proxying). Is this bean getting eagerly injected into a currently created BeanPostProcessor [net.shibboleth.spring.metadata.NodeProcessingAttachingBeanPostProcessor#0]? Check the corresponding BeanPostProcessor declaration and its dependencies.
2025-01-29 18:57:22,915 -  - WARN [org.springframework.context.support.PostProcessorRegistrationDelegate$BeanPostProcessorChecker:437] - Bean 'net.shibboleth.idp.saml.metadata.impl.ScopesNodeProcessor#0' of type [net.shibboleth.idp.saml.metadata.impl.ScopesNodeProcessor] is not eligible for getting processed by all BeanPostProcessors (for example: not eligible for auto-proxying). Is this bean getting eagerly injected into a currently created BeanPostProcessor [net.shibboleth.spring.metadata.NodeProcessingAttachingBeanPostProcessor#0]? Check the corresponding BeanPostProcessor declaration and its dependencies.
2025-01-29 18:57:22,916 -  - WARN [org.springframework.context.support.PostProcessorRegistrationDelegate$BeanPostProcessorChecker:437] - Bean 'net.shibboleth.idp.saml.metadata.impl.UIInfoNodeProcessor#0' of type [net.shibboleth.idp.saml.metadata.impl.UIInfoNodeProcessor] is not eligible for getting processed by all BeanPostProcessors (for example: not eligible for auto-proxying). Is this bean getting eagerly injected into a currently created BeanPostProcessor [net.shibboleth.spring.metadata.NodeProcessingAttachingBeanPostProcessor#0]? Check the corresponding BeanPostProcessor declaration and its dependencies.
2025-01-29 18:57:22,918 -  - WARN [org.springframework.context.support.PostProcessorRegistrationDelegate$BeanPostProcessorChecker:437] - Bean 'net.shibboleth.idp.saml.attribute.impl.AttributeMappingNodeProcessor#0' of type [net.shibboleth.idp.saml.attribute.impl.AttributeMappingNodeProcessor] is not eligible for getting processed by all BeanPostProcessors (for example: not eligible for auto-proxying). Is this bean getting eagerly injected into a currently created BeanPostProcessor [net.shibboleth.spring.metadata.NodeProcessingAttachingBeanPostProcessor#0]? Check the corresponding BeanPostProcessor declaration and its dependencies.
2025-01-29 18:57:22,938 -  - INFO [net.shibboleth.shared.spring.service.ReloadableSpringService:419] - Service 'shibboleth.MetadataResolverService': Completed reload and swapped in latest configuration for service 'shibboleth.MetadataResolverService'
2025-01-29 18:57:22,939 -  - INFO [net.shibboleth.shared.spring.service.ReloadableSpringService:426] - Service 'shibboleth.MetadataResolverService': Reload complete
2025-01-29 18:57:23,172 -  - INFO [net.shibboleth.shared.service.AbstractReloadableService:170] - Service 'shibboleth.AttributeFilterService': Performing initial load
2025-01-29 18:57:23,172 -  - INFO [net.shibboleth.shared.service.AbstractReloadableService:258] - Service 'shibboleth.AttributeFilterService': Reloading service configuration
2025-01-29 18:57:23,438 -  - INFO [net.shibboleth.shared.spring.service.ReloadableSpringService:419] - Service 'shibboleth.AttributeFilterService': Completed reload and swapped in latest configuration for service 'shibboleth.AttributeFilterService'
2025-01-29 18:57:23,439 -  - INFO [net.shibboleth.shared.spring.service.ReloadableSpringService:426] - Service 'shibboleth.AttributeFilterService': Reload complete
2025-01-29 18:57:23,443 -  - INFO [net.shibboleth.shared.service.AbstractReloadableService:198] - Service 'shibboleth.AttributeFilterService': Reload interval set to: PT15M, starting refresh thread
2025-01-29 18:57:23,457 -  - INFO [net.shibboleth.shared.service.AbstractReloadableService:170] - Service 'shibboleth.AttributeResolverService': Performing initial load
2025-01-29 18:57:23,457 -  - INFO [net.shibboleth.shared.service.AbstractReloadableService:258] - Service 'shibboleth.AttributeResolverService': Reloading service configuration
2025-01-29 18:57:23,531 -  - INFO [net.shibboleth.shared.spring.service.ReloadableSpringService:419] - Service 'shibboleth.AttributeResolverService': Completed reload and swapped in latest configuration for service 'shibboleth.AttributeResolverService'
2025-01-29 18:57:23,532 -  - INFO [net.shibboleth.shared.spring.service.ReloadableSpringService:426] - Service 'shibboleth.AttributeResolverService': Reload complete
2025-01-29 18:57:23,534 -  - INFO [net.shibboleth.shared.service.AbstractReloadableService:198] - Service 'shibboleth.AttributeResolverService': Reload interval set to: PT15M, starting refresh thread
2025-01-29 18:57:23,543 -  - INFO [net.shibboleth.shared.service.AbstractReloadableService:170] - Service 'shibboleth.NameIdentifierGenerationService': Performing initial load
2025-01-29 18:57:23,543 -  - INFO [net.shibboleth.shared.service.AbstractReloadableService:258] - Service 'shibboleth.NameIdentifierGenerationService': Reloading service configuration
2025-01-29 18:57:23,601 -  - INFO [net.shibboleth.shared.spring.service.ReloadableSpringService:419] - Service 'shibboleth.NameIdentifierGenerationService': Completed reload and swapped in latest configuration for service 'shibboleth.NameIdentifierGenerationService'
2025-01-29 18:57:23,602 -  - INFO [net.shibboleth.shared.spring.service.ReloadableSpringService:426] - Service 'shibboleth.NameIdentifierGenerationService': Reload complete
2025-01-29 18:57:23,602 -  - INFO [net.shibboleth.shared.service.AbstractReloadableService:198] - Service 'shibboleth.NameIdentifierGenerationService': Reload interval set to: PT15M, starting refresh thread
2025-01-29 18:57:23,609 -  - INFO [net.shibboleth.shared.service.AbstractReloadableService:170] - Service 'shibboleth.RelyingPartyResolverService': Performing initial load
2025-01-29 18:57:23,610 -  - INFO [net.shibboleth.shared.service.AbstractReloadableService:258] - Service 'shibboleth.RelyingPartyResolverService': Reloading service configuration
2025-01-29 18:57:24,231 -  - INFO [net.shibboleth.shared.spring.service.ReloadableSpringService:419] - Service 'shibboleth.RelyingPartyResolverService': Completed reload and swapped in latest configuration for service 'shibboleth.RelyingPartyResolverService'
2025-01-29 18:57:24,232 -  - INFO [net.shibboleth.shared.spring.service.ReloadableSpringService:426] - Service 'shibboleth.RelyingPartyResolverService': Reload complete
2025-01-29 18:57:24,232 -  - INFO [net.shibboleth.shared.service.AbstractReloadableService:198] - Service 'shibboleth.RelyingPartyResolverService': Reload interval set to: PT15M, starting refresh thread
2025-01-29 18:57:24,236 -  - INFO [net.shibboleth.shared.service.AbstractReloadableService:170] - Service 'shibboleth.ReloadableAccessControlService': Performing initial load
2025-01-29 18:57:24,237 -  - INFO [net.shibboleth.shared.service.AbstractReloadableService:258] - Service 'shibboleth.ReloadableAccessControlService': Reloading service configuration
2025-01-29 18:57:24,255 -  - INFO [net.shibboleth.shared.spring.service.ReloadableSpringService:419] - Service 'shibboleth.ReloadableAccessControlService': Completed reload and swapped in latest configuration for service 'shibboleth.ReloadableAccessControlService'
2025-01-29 18:57:24,255 -  - INFO [net.shibboleth.shared.spring.service.ReloadableSpringService:426] - Service 'shibboleth.ReloadableAccessControlService': Reload complete
2025-01-29 18:57:24,256 -  - INFO [net.shibboleth.shared.service.AbstractReloadableService:198] - Service 'shibboleth.ReloadableAccessControlService': Reload interval set to: PT5M, starting refresh thread
2025-01-29 18:57:24,260 -  - INFO [net.shibboleth.shared.service.AbstractReloadableService:170] - Service 'shibboleth.ReloadableCASServiceRegistry': Performing initial load
2025-01-29 18:57:24,260 -  - INFO [net.shibboleth.shared.service.AbstractReloadableService:258] - Service 'shibboleth.ReloadableCASServiceRegistry': Reloading service configuration
2025-01-29 18:57:24,267 -  - INFO [net.shibboleth.shared.spring.service.ReloadableSpringService:419] - Service 'shibboleth.ReloadableCASServiceRegistry': Completed reload and swapped in latest configuration for service 'shibboleth.ReloadableCASServiceRegistry'
2025-01-29 18:57:24,267 -  - INFO [net.shibboleth.shared.spring.service.ReloadableSpringService:426] - Service 'shibboleth.ReloadableCASServiceRegistry': Reload complete
2025-01-29 18:57:24,268 -  - INFO [net.shibboleth.shared.service.AbstractReloadableService:198] - Service 'shibboleth.ReloadableCASServiceRegistry': Reload interval set to: PT15M, starting refresh thread
2025-01-29 18:57:24,275 -  - INFO [net.shibboleth.shared.service.AbstractReloadableService:170] - Service 'shibboleth.ManagedBeanService': Performing initial load
2025-01-29 18:57:24,275 -  - INFO [net.shibboleth.shared.service.AbstractReloadableService:258] - Service 'shibboleth.ManagedBeanService': Reloading service configuration
2025-01-29 18:57:24,276 -  - INFO [net.shibboleth.shared.spring.util.ApplicationContextBuilder:473] - Skipping non-existent resource: ServletContext resource [/opt/shibboleth-idp/conf/managed-beans.xml]
2025-01-29 18:57:24,278 -  - INFO [net.shibboleth.shared.spring.service.ReloadableSpringService:419] - Service 'shibboleth.ManagedBeanService': Completed reload and swapped in latest configuration for service 'shibboleth.ManagedBeanService'
2025-01-29 18:57:24,279 -  - INFO [net.shibboleth.shared.spring.service.ReloadableSpringService:426] - Service 'shibboleth.ManagedBeanService': Reload complete
2025-01-29 18:57:24,284 -  - INFO [net.shibboleth.shared.service.AbstractReloadableService:198] - Service 'shibboleth.ManagedBeanService': Reload interval set to: PT15M, starting refresh thread
2025-01-29 18:57:25,084 -  - INFO [net.shibboleth.idp.admin.impl.LogImplementationDetails:57] - Shibboleth IdP Version 5.1.3
2025-01-29 18:57:25,089 -  - INFO [net.shibboleth.idp.admin.impl.LogImplementationDetails:58] - Java version='17.0.13' vendor='Eclipse Adoptium'
2025-01-29 18:57:25,089 -  - INFO [net.shibboleth.idp.admin.impl.LogImplementationDetails:71] - No Plugins Loaded
2025-01-29 18:57:25,096 -  - INFO [net.shibboleth.idp.admin.impl.LogImplementationDetails:93] - Enabled Modules:
2025-01-29 18:57:25,097 -  - INFO [net.shibboleth.idp.admin.impl.LogImplementationDetails:95] - 		Core IdP Functions (Required)
2025-01-29 18:57:25,097 -  - INFO [net.shibboleth.idp.admin.impl.LogImplementationDetails:95] - 		Command Line Scripts
2025-01-29 18:57:25,097 -  - INFO [net.shibboleth.idp.admin.impl.LogImplementationDetails:95] - 		Overlay Tree for WAR Build
2025-01-29 18:57:25,098 -  - INFO [net.shibboleth.idp.admin.impl.LogImplementationDetails:95] - 		Password Authentication
2025-01-29 18:57:25,098 -  - INFO [net.shibboleth.idp.admin.impl.LogImplementationDetails:95] - 		Hello World
2025-01-29 18:57:25,099 -  - WARN [net.shibboleth.idp.admin.impl.LogImplementationDetails:105] - Duplicate properties were detected: idp.authn.LDAP.bindDNCredential,
2025-01-29 18:57:25,804 -  - INFO [net.shibboleth.idp.admin.impl.ReportUpdateStatus:136] - No upgrade available from 5.1.3
2025-01-29 18:57:25,809 -  - INFO [net.shibboleth.idp.admin.impl.ReportUpdateStatus:147] - Version 5.1.3 is current
2025-01-29 19:02:30,440 -  - INFO [net.shibboleth.shared.service.AbstractReloadableService:198] - Service 'shibboleth.LoggingService': Reload interval set to: PT5M, starting refresh thread
2025-01-29 19:02:30,557 -  - INFO [net.shibboleth.shared.xml.impl.BasicParserPool:648] - XMLSecurityManager of type 'com.sun.org.apache.xerces.internal.utils.XMLSecurityManager' is installed
2025-01-29 19:02:30,566 -  - INFO [org.opensaml.core.config.InitializationService:47] - Initializing OpenSAML using the Java Services API
2025-01-29 19:02:33,712 -  - INFO [org.opensaml.xmlsec.algorithm.AlgorithmRegistry:273] - Algorithm failed runtime support check, will not be usable: http://www.w3.org/2001/04/xmlenc#ripemd160
2025-01-29 19:02:33,734 -  - INFO [org.opensaml.xmlsec.algorithm.AlgorithmRegistry:273] - Algorithm failed runtime support check, will not be usable: http://www.w3.org/2001/04/xmldsig-more#hmac-ripemd160
2025-01-29 19:02:33,775 -  - INFO [org.opensaml.xmlsec.algorithm.AlgorithmRegistry:273] - Algorithm failed runtime support check, will not be usable: http://www.w3.org/2001/04/xmldsig-more#rsa-ripemd160
2025-01-29 19:02:34,637 -  - INFO [net.shibboleth.shared.security.impl.BasicKeystoreKeyStrategy:379] - Loading initial default key: secret1
2025-01-29 19:02:34,739 -  - INFO [net.shibboleth.shared.security.impl.BasicKeystoreKeyStrategy:391] - Default key updated to secret1
2025-01-29 19:02:34,988 -  - INFO [net.shibboleth.shared.service.AbstractReloadableService:170] - Service 'shibboleth.AttributeRegistryService': Performing initial load
2025-01-29 19:02:34,988 -  - INFO [net.shibboleth.shared.service.AbstractReloadableService:258] - Service 'shibboleth.AttributeRegistryService': Reloading service configuration
2025-01-29 19:02:35,398 -  - INFO [net.shibboleth.shared.spring.service.ReloadableSpringService:419] - Service 'shibboleth.AttributeRegistryService': Completed reload and swapped in latest configuration for service 'shibboleth.AttributeRegistryService'
2025-01-29 19:02:35,399 -  - INFO [net.shibboleth.shared.spring.service.ReloadableSpringService:426] - Service 'shibboleth.AttributeRegistryService': Reload complete
2025-01-29 19:02:35,400 -  - INFO [net.shibboleth.shared.service.AbstractReloadableService:198] - Service 'shibboleth.AttributeRegistryService': Reload interval set to: PT15M, starting refresh thread
2025-01-29 19:02:35,408 -  - INFO [net.shibboleth.shared.service.AbstractReloadableService:170] - Service 'shibboleth.MetadataResolverService': Performing initial load
2025-01-29 19:02:35,409 -  - INFO [net.shibboleth.shared.service.AbstractReloadableService:258] - Service 'shibboleth.MetadataResolverService': Reloading service configuration
2025-01-29 19:02:35,548 -  - WARN [org.springframework.context.support.PostProcessorRegistrationDelegate$BeanPostProcessorChecker:437] - Bean 'org.opensaml.saml.metadata.resolver.filter.impl.EntitiesDescriptorNameProcessor#0' of type [org.opensaml.saml.metadata.resolver.filter.impl.EntitiesDescriptorNameProcessor] is not eligible for getting processed by all BeanPostProcessors (for example: not eligible for auto-proxying). Is this bean getting eagerly injected into a currently created BeanPostProcessor [net.shibboleth.spring.metadata.NodeProcessingAttachingBeanPostProcessor#0]? Check the corresponding BeanPostProcessor declaration and its dependencies.
2025-01-29 19:02:35,550 -  - WARN [org.springframework.context.support.PostProcessorRegistrationDelegate$BeanPostProcessorChecker:437] - Bean 'net.shibboleth.idp.saml.security.impl.KeyAuthorityNodeProcessor#0' of type [net.shibboleth.idp.saml.security.impl.KeyAuthorityNodeProcessor] is not eligible for getting processed by all BeanPostProcessors (for example: not eligible for auto-proxying). Is this bean getting eagerly injected into a currently created BeanPostProcessor [net.shibboleth.spring.metadata.NodeProcessingAttachingBeanPostProcessor#0]? Check the corresponding BeanPostProcessor declaration and its dependencies.
2025-01-29 19:02:35,551 -  - WARN [org.springframework.context.support.PostProcessorRegistrationDelegate$BeanPostProcessorChecker:437] - Bean 'net.shibboleth.idp.saml.metadata.impl.ScopesNodeProcessor#0' of type [net.shibboleth.idp.saml.metadata.impl.ScopesNodeProcessor] is not eligible for getting processed by all BeanPostProcessors (for example: not eligible for auto-proxying). Is this bean getting eagerly injected into a currently created BeanPostProcessor [net.shibboleth.spring.metadata.NodeProcessingAttachingBeanPostProcessor#0]? Check the corresponding BeanPostProcessor declaration and its dependencies.
2025-01-29 19:02:35,552 -  - WARN [org.springframework.context.support.PostProcessorRegistrationDelegate$BeanPostProcessorChecker:437] - Bean 'net.shibboleth.idp.saml.metadata.impl.UIInfoNodeProcessor#0' of type [net.shibboleth.idp.saml.metadata.impl.UIInfoNodeProcessor] is not eligible for getting processed by all BeanPostProcessors (for example: not eligible for auto-proxying). Is this bean getting eagerly injected into a currently created BeanPostProcessor [net.shibboleth.spring.metadata.NodeProcessingAttachingBeanPostProcessor#0]? Check the corresponding BeanPostProcessor declaration and its dependencies.
2025-01-29 19:02:35,554 -  - WARN [org.springframework.context.support.PostProcessorRegistrationDelegate$BeanPostProcessorChecker:437] - Bean 'net.shibboleth.idp.saml.attribute.impl.AttributeMappingNodeProcessor#0' of type [net.shibboleth.idp.saml.attribute.impl.AttributeMappingNodeProcessor] is not eligible for getting processed by all BeanPostProcessors (for example: not eligible for auto-proxying). Is this bean getting eagerly injected into a currently created BeanPostProcessor [net.shibboleth.spring.metadata.NodeProcessingAttachingBeanPostProcessor#0]? Check the corresponding BeanPostProcessor declaration and its dependencies.
2025-01-29 19:02:35,584 -  - INFO [net.shibboleth.shared.spring.service.ReloadableSpringService:419] - Service 'shibboleth.MetadataResolverService': Completed reload and swapped in latest configuration for service 'shibboleth.MetadataResolverService'
2025-01-29 19:02:35,585 -  - INFO [net.shibboleth.shared.spring.service.ReloadableSpringService:426] - Service 'shibboleth.MetadataResolverService': Reload complete
2025-01-29 19:02:35,824 -  - INFO [net.shibboleth.shared.service.AbstractReloadableService:170] - Service 'shibboleth.AttributeFilterService': Performing initial load
2025-01-29 19:02:35,824 -  - INFO [net.shibboleth.shared.service.AbstractReloadableService:258] - Service 'shibboleth.AttributeFilterService': Reloading service configuration
2025-01-29 19:02:36,038 -  - INFO [net.shibboleth.shared.spring.service.ReloadableSpringService:419] - Service 'shibboleth.AttributeFilterService': Completed reload and swapped in latest configuration for service 'shibboleth.AttributeFilterService'
2025-01-29 19:02:36,039 -  - INFO [net.shibboleth.shared.spring.service.ReloadableSpringService:426] - Service 'shibboleth.AttributeFilterService': Reload complete
2025-01-29 19:02:36,039 -  - INFO [net.shibboleth.shared.service.AbstractReloadableService:198] - Service 'shibboleth.AttributeFilterService': Reload interval set to: PT15M, starting refresh thread
2025-01-29 19:02:36,047 -  - INFO [net.shibboleth.shared.service.AbstractReloadableService:170] - Service 'shibboleth.AttributeResolverService': Performing initial load
2025-01-29 19:02:36,047 -  - INFO [net.shibboleth.shared.service.AbstractReloadableService:258] - Service 'shibboleth.AttributeResolverService': Reloading service configuration
2025-01-29 19:02:36,109 -  - INFO [net.shibboleth.shared.spring.service.ReloadableSpringService:419] - Service 'shibboleth.AttributeResolverService': Completed reload and swapped in latest configuration for service 'shibboleth.AttributeResolverService'
2025-01-29 19:02:36,110 -  - INFO [net.shibboleth.shared.spring.service.ReloadableSpringService:426] - Service 'shibboleth.AttributeResolverService': Reload complete
2025-01-29 19:02:36,110 -  - INFO [net.shibboleth.shared.service.AbstractReloadableService:198] - Service 'shibboleth.AttributeResolverService': Reload interval set to: PT15M, starting refresh thread
2025-01-29 19:02:36,118 -  - INFO [net.shibboleth.shared.service.AbstractReloadableService:170] - Service 'shibboleth.NameIdentifierGenerationService': Performing initial load
2025-01-29 19:02:36,118 -  - INFO [net.shibboleth.shared.service.AbstractReloadableService:258] - Service 'shibboleth.NameIdentifierGenerationService': Reloading service configuration
2025-01-29 19:02:36,178 -  - INFO [net.shibboleth.shared.spring.service.ReloadableSpringService:419] - Service 'shibboleth.NameIdentifierGenerationService': Completed reload and swapped in latest configuration for service 'shibboleth.NameIdentifierGenerationService'
2025-01-29 19:02:36,178 -  - INFO [net.shibboleth.shared.spring.service.ReloadableSpringService:426] - Service 'shibboleth.NameIdentifierGenerationService': Reload complete
2025-01-29 19:02:36,179 -  - INFO [net.shibboleth.shared.service.AbstractReloadableService:198] - Service 'shibboleth.NameIdentifierGenerationService': Reload interval set to: PT15M, starting refresh thread
2025-01-29 19:02:36,186 -  - INFO [net.shibboleth.shared.service.AbstractReloadableService:170] - Service 'shibboleth.RelyingPartyResolverService': Performing initial load
2025-01-29 19:02:36,187 -  - INFO [net.shibboleth.shared.service.AbstractReloadableService:258] - Service 'shibboleth.RelyingPartyResolverService': Reloading service configuration
2025-01-29 19:02:36,820 -  - INFO [net.shibboleth.shared.spring.service.ReloadableSpringService:419] - Service 'shibboleth.RelyingPartyResolverService': Completed reload and swapped in latest configuration for service 'shibboleth.RelyingPartyResolverService'
2025-01-29 19:02:36,821 -  - INFO [net.shibboleth.shared.spring.service.ReloadableSpringService:426] - Service 'shibboleth.RelyingPartyResolverService': Reload complete
2025-01-29 19:02:36,822 -  - INFO [net.shibboleth.shared.service.AbstractReloadableService:198] - Service 'shibboleth.RelyingPartyResolverService': Reload interval set to: PT15M, starting refresh thread
2025-01-29 19:02:36,827 -  - INFO [net.shibboleth.shared.service.AbstractReloadableService:170] - Service 'shibboleth.ReloadableAccessControlService': Performing initial load
2025-01-29 19:02:36,828 -  - INFO [net.shibboleth.shared.service.AbstractReloadableService:258] - Service 'shibboleth.ReloadableAccessControlService': Reloading service configuration
2025-01-29 19:02:36,847 -  - INFO [net.shibboleth.shared.spring.service.ReloadableSpringService:419] - Service 'shibboleth.ReloadableAccessControlService': Completed reload and swapped in latest configuration for service 'shibboleth.ReloadableAccessControlService'
2025-01-29 19:02:36,848 -  - INFO [net.shibboleth.shared.spring.service.ReloadableSpringService:426] - Service 'shibboleth.ReloadableAccessControlService': Reload complete
2025-01-29 19:02:36,848 -  - INFO [net.shibboleth.shared.service.AbstractReloadableService:198] - Service 'shibboleth.ReloadableAccessControlService': Reload interval set to: PT5M, starting refresh thread
2025-01-29 19:02:36,852 -  - INFO [net.shibboleth.shared.service.AbstractReloadableService:170] - Service 'shibboleth.ReloadableCASServiceRegistry': Performing initial load
2025-01-29 19:02:36,852 -  - INFO [net.shibboleth.shared.service.AbstractReloadableService:258] - Service 'shibboleth.ReloadableCASServiceRegistry': Reloading service configuration
2025-01-29 19:02:36,859 -  - INFO [net.shibboleth.shared.spring.service.ReloadableSpringService:419] - Service 'shibboleth.ReloadableCASServiceRegistry': Completed reload and swapped in latest configuration for service 'shibboleth.ReloadableCASServiceRegistry'
2025-01-29 19:02:36,860 -  - INFO [net.shibboleth.shared.spring.service.ReloadableSpringService:426] - Service 'shibboleth.ReloadableCASServiceRegistry': Reload complete
2025-01-29 19:02:36,860 -  - INFO [net.shibboleth.shared.service.AbstractReloadableService:198] - Service 'shibboleth.ReloadableCASServiceRegistry': Reload interval set to: PT15M, starting refresh thread
2025-01-29 19:02:36,867 -  - INFO [net.shibboleth.shared.service.AbstractReloadableService:170] - Service 'shibboleth.ManagedBeanService': Performing initial load
2025-01-29 19:02:36,867 -  - INFO [net.shibboleth.shared.service.AbstractReloadableService:258] - Service 'shibboleth.ManagedBeanService': Reloading service configuration
2025-01-29 19:02:36,868 -  - INFO [net.shibboleth.shared.spring.util.ApplicationContextBuilder:473] - Skipping non-existent resource: ServletContext resource [/opt/shibboleth-idp/conf/managed-beans.xml]
2025-01-29 19:02:36,868 -  - INFO [net.shibboleth.shared.spring.service.ReloadableSpringService:419] - Service 'shibboleth.ManagedBeanService': Completed reload and swapped in latest configuration for service 'shibboleth.ManagedBeanService'
2025-01-29 19:02:36,869 -  - INFO [net.shibboleth.shared.spring.service.ReloadableSpringService:426] - Service 'shibboleth.ManagedBeanService': Reload complete
2025-01-29 19:02:36,869 -  - INFO [net.shibboleth.shared.service.AbstractReloadableService:198] - Service 'shibboleth.ManagedBeanService': Reload interval set to: PT15M, starting refresh thread
2025-01-29 19:02:37,662 -  - INFO [net.shibboleth.idp.admin.impl.LogImplementationDetails:57] - Shibboleth IdP Version 5.1.3
2025-01-29 19:02:37,664 -  - INFO [net.shibboleth.idp.admin.impl.LogImplementationDetails:58] - Java version='17.0.13' vendor='Eclipse Adoptium'
2025-01-29 19:02:37,664 -  - INFO [net.shibboleth.idp.admin.impl.LogImplementationDetails:71] - No Plugins Loaded
2025-01-29 19:02:37,670 -  - INFO [net.shibboleth.idp.admin.impl.LogImplementationDetails:93] - Enabled Modules:
2025-01-29 19:02:37,670 -  - INFO [net.shibboleth.idp.admin.impl.LogImplementationDetails:95] - 		Core IdP Functions (Required)
2025-01-29 19:02:37,671 -  - INFO [net.shibboleth.idp.admin.impl.LogImplementationDetails:95] - 		Command Line Scripts
2025-01-29 19:02:37,673 -  - INFO [net.shibboleth.idp.admin.impl.LogImplementationDetails:95] - 		Overlay Tree for WAR Build
2025-01-29 19:02:37,673 -  - INFO [net.shibboleth.idp.admin.impl.LogImplementationDetails:95] - 		Password Authentication
2025-01-29 19:02:37,673 -  - INFO [net.shibboleth.idp.admin.impl.LogImplementationDetails:95] - 		Hello World
2025-01-29 19:02:37,674 -  - WARN [net.shibboleth.idp.admin.impl.LogImplementationDetails:105] - Duplicate properties were detected: idp.authn.LDAP.bindDNCredential,
2025-01-29 19:02:38,443 -  - INFO [net.shibboleth.idp.admin.impl.ReportUpdateStatus:136] - No upgrade available from 5.1.3
2025-01-29 19:02:38,446 -  - INFO [net.shibboleth.idp.admin.impl.ReportUpdateStatus:147] - Version 5.1.3 is current
